0 info it worked if it ends with ok
1 verbose cli [ '/usr/local/bin/node',
1 verbose cli   '/usr/local/bin/npm',
1 verbose cli   'install',
1 verbose cli   '-g',
1 verbose cli   'cordova@5.0.0' ]
2 info using npm@2.15.5
3 info using node@v4.4.5
4 verbose install initial load of /usr/local/lib/package.json
5 verbose readDependencies loading dependencies from /usr/local/lib/package.json
6 silly cache add args [ 'cordova@5.0.0', null ]
7 verbose cache add spec cordova@5.0.0
8 silly cache add parsed spec Result {
8 silly cache add   raw: 'cordova@5.0.0',
8 silly cache add   scope: null,
8 silly cache add   name: 'cordova',
8 silly cache add   rawSpec: '5.0.0',
8 silly cache add   spec: '5.0.0',
8 silly cache add   type: 'version' }
9 silly addNamed cordova@5.0.0
10 verbose addNamed "5.0.0" is a plain semver version for cordova
11 silly mapToRegistry name cordova
12 silly mapToRegistry using default registry
13 silly mapToRegistry registry https://registry.npmjs.org/
14 silly mapToRegistry data Result {
14 silly mapToRegistry   raw: 'cordova',
14 silly mapToRegistry   scope: null,
14 silly mapToRegistry   name: 'cordova',
14 silly mapToRegistry   rawSpec: '',
14 silly mapToRegistry   spec: 'latest',
14 silly mapToRegistry   type: 'tag' }
15 silly mapToRegistry uri https://registry.npmjs.org/cordova
16 verbose addNameVersion registry:https://registry.npmjs.org/cordova not in flight; fetching
17 verbose request uri https://registry.npmjs.org/cordova
18 verbose request no auth needed
19 info attempt registry request try #1 at 2:01:33 AM
20 verbose request id c97e47b147b3bbc7
21 verbose etag "5H23RU98ABXM8YEGFER544MSL"
22 http request GET https://registry.npmjs.org/cordova
23 http 200 https://registry.npmjs.org/cordova
24 verbose headers { server: 'CouchDB/1.5.0 (Erlang OTP/R16B03)',
24 verbose headers   etag: '"561PYKOPSV749GVVF6KYO6YPC"',
24 verbose headers   'content-type': 'application/json',
24 verbose headers   'content-encoding': 'gzip',
24 verbose headers   'cache-control': 'max-age=300',
24 verbose headers   'content-length': '31788',
24 verbose headers   'accept-ranges': 'bytes',
24 verbose headers   date: 'Sun, 29 May 2016 19:01:23 GMT',
24 verbose headers   via: '1.1 varnish',
24 verbose headers   age: '0',
24 verbose headers   connection: 'keep-alive',
24 verbose headers   'x-served-by': 'cache-hkg6821-HKG',
24 verbose headers   'x-cache': 'MISS',
24 verbose headers   'x-cache-hits': '0',
24 verbose headers   'x-timer': 'S1464548482.227828,VS0,VE881',
24 verbose headers   vary: 'Accept-Encoding' }
25 silly get cb [ 200,
25 silly get   { server: 'CouchDB/1.5.0 (Erlang OTP/R16B03)',
25 silly get     etag: '"561PYKOPSV749GVVF6KYO6YPC"',
25 silly get     'content-type': 'application/json',
25 silly get     'content-encoding': 'gzip',
25 silly get     'cache-control': 'max-age=300',
25 silly get     'content-length': '31788',
25 silly get     'accept-ranges': 'bytes',
25 silly get     date: 'Sun, 29 May 2016 19:01:23 GMT',
25 silly get     via: '1.1 varnish',
25 silly get     age: '0',
25 silly get     connection: 'keep-alive',
25 silly get     'x-served-by': 'cache-hkg6821-HKG',
25 silly get     'x-cache': 'MISS',
25 silly get     'x-cache-hits': '0',
25 silly get     'x-timer': 'S1464548482.227828,VS0,VE881',
25 silly get     vary: 'Accept-Encoding' } ]
26 verbose get saving cordova to /home/lv2x/.npm/registry.npmjs.org/cordova/.cache.json
27 verbose correctMkdir /home/lv2x/.npm correctMkdir not in flight; initializing
28 silly mapToRegistry name cordova
29 silly mapToRegistry using default registry
30 silly mapToRegistry registry https://registry.npmjs.org/
31 silly mapToRegistry data Result {
31 silly mapToRegistry   raw: 'cordova',
31 silly mapToRegistry   scope: null,
31 silly mapToRegistry   name: 'cordova',
31 silly mapToRegistry   rawSpec: '',
31 silly mapToRegistry   spec: 'latest',
31 silly mapToRegistry   type: 'tag' }
32 silly mapToRegistry uri https://registry.npmjs.org/cordova
33 verbose addRemoteTarball https://registry.npmjs.org/cordova/-/cordova-5.0.0.tgz not in flight; adding
34 verbose addRemoteTarball [ 'https://registry.npmjs.org/cordova/-/cordova-5.0.0.tgz',
34 verbose addRemoteTarball   '696907aff7c889beea4422b6c80e57558a905c05' ]
35 info retry fetch attempt 1 at 2:01:35 AM
36 info attempt registry request try #1 at 2:01:35 AM
37 http fetch GET https://registry.npmjs.org/cordova/-/cordova-5.0.0.tgz
38 http fetch 200 https://registry.npmjs.org/cordova/-/cordova-5.0.0.tgz
39 silly fetchAndShaCheck shasum 696907aff7c889beea4422b6c80e57558a905c05
40 verbose addTmpTarball /tmp/npm-3811-3b9dce70/registry.npmjs.org/cordova/-/cordova-5.0.0.tgz not in flight; adding
41 verbose addTmpTarball already have metadata; skipping unpack for cordova@5.0.0
42 verbose correctMkdir /home/lv2x/.npm correctMkdir not in flight; initializing
43 silly cache afterAdd cordova@5.0.0
44 verbose afterAdd /home/lv2x/.npm/cordova/5.0.0/package/package.json not in flight; writing
45 verbose correctMkdir /home/lv2x/.npm correctMkdir not in flight; initializing
46 verbose afterAdd /home/lv2x/.npm/cordova/5.0.0/package/package.json written
47 silly install resolved [ { name: 'cordova',
47 silly install resolved     version: '5.0.0',
47 silly install resolved     preferGlobal: 'true',
47 silly install resolved     description: 'Cordova command line interface tool',
47 silly install resolved     main: 'cordova',
47 silly install resolved     engines: { node: '>=0.9.9' },
47 silly install resolved     engineStrict: true,
47 silly install resolved     bin: { cordova: './bin/cordova' },
47 silly install resolved     scripts:
47 silly install resolved      { test: 'node node_modules/jasmine-node/bin/jasmine-node --captureExceptions --color spec',
47 silly install resolved        cover: 'node node_modules/istanbul/lib/cli.js cover --root src --print detail node_modules/jasmine-node/bin/jasmine-node -- spec' },
47 silly install resolved     repository:
47 silly install resolved      { type: 'git',
47 silly install resolved        url: 'https://git-wip-us.apache.org/repos/asf/cordova-cli.git' },
47 silly install resolved     bugs:
47 silly install resolved      { url: 'https://issues.apache.org/jira/browse/CB',
47 silly install resolved        email: 'dev@cordova.apache.org' },
47 silly install resolved     keywords: [ 'cordova', 'client', 'cli' ],
47 silly install resolved     dependencies:
47 silly install resolved      { 'cordova-lib': '5.0.0',
47 silly install resolved        q: '1.0.1',
47 silly install resolved        nopt: '3.0.1',
47 silly install resolved        underscore: '1.7.0' },
47 silly install resolved     devDependencies:
47 silly install resolved      { istanbul: '^0.3.4',
47 silly install resolved        grunt: '0.4.5',
47 silly install resolved        'grunt-retire': '0.3.7',
47 silly install resolved        'jasmine-node': '1.14.5' },
47 silly install resolved     author: { name: 'Anis Kadri' },
47 silly install resolved     contributors:
47 silly install resolved      [ [Object],
47 silly install resolved        [Object],
47 silly install resolved        [Object],
47 silly install resolved        [Object],
47 silly install resolved        [Object],
47 silly install resolved        [Object],
47 silly install resolved        [Object],
47 silly install resolved        [Object],
47 silly install resolved        [Object],
47 silly install resolved        [Object],
47 silly install resolved        [Object],
47 silly install resolved        [Object],
47 silly install resolved        [Object],
47 silly install resolved        [Object],
47 silly install resolved        [Object],
47 silly install resolved        [Object],
47 silly install resolved        [Object],
47 silly install resolved        [Object],
47 silly install resolved        [Object],
47 silly install resolved        [Object],
47 silly install resolved        [Object],
47 silly install resolved        [Object],
47 silly install resolved        [Object],
47 silly install resolved        [Object] ],
47 silly install resolved     license: 'Apache version 2.0',
47 silly install resolved     _id: 'cordova@5.0.0',
47 silly install resolved     _shasum: '696907aff7c889beea4422b6c80e57558a905c05',
47 silly install resolved     _resolved: 'https://registry.npmjs.org/cordova/-/cordova-5.0.0.tgz',
47 silly install resolved     _from: 'cordova@5.0.0',
47 silly install resolved     _npmVersion: '2.7.0',
47 silly install resolved     _nodeVersion: '0.10.36',
47 silly install resolved     _npmUser: { name: 'stevegill', email: 'stevengill97@gmail.com' },
47 silly install resolved     maintainers:
47 silly install resolved      [ [Object],
47 silly install resolved        [Object],
47 silly install resolved        [Object],
47 silly install resolved        [Object],
47 silly install resolved        [Object],
47 silly install resolved        [Object],
47 silly install resolved        [Object],
47 silly install resolved        [Object],
47 silly install resolved        [Object],
47 silly install resolved        [Object],
47 silly install resolved        [Object],
47 silly install resolved        [Object],
47 silly install resolved        [Object],
47 silly install resolved        [Object],
47 silly install resolved        [Object],
47 silly install resolved        [Object] ],
47 silly install resolved     dist:
47 silly install resolved      { shasum: '696907aff7c889beea4422b6c80e57558a905c05',
47 silly install resolved        tarball: 'https://registry.npmjs.org/cordova/-/cordova-5.0.0.tgz' },
47 silly install resolved     directories: {} } ]
48 info install cordova@5.0.0 into /usr/local/lib
49 info installOne cordova@5.0.0
50 verbose installOne of cordova to /usr/local/lib not in flight; installing
51 verbose correctMkdir /home/lv2x/.npm/_locks correctMkdir not in flight; initializing
52 verbose lock using /home/lv2x/.npm/_locks/cordova-fa12e2e096426a32.lock for /usr/local/lib/node_modules/cordova
53 silly install write writing cordova 5.0.0 to /usr/local/lib/node_modules/cordova
54 verbose unbuild lib/node_modules/cordova
55 info preuninstall cordova@6.2.0
56 info uninstall cordova@6.2.0
57 verbose unbuild rmStuff cordova@6.2.0 from /usr/local/lib/node_modules
58 silly gentlyRm /usr/local/bin/cordova is being gently removed
59 silly gentlyRm verifying /usr/local is an npm working directory
60 silly gentlyRm containing path /usr/local is under npm's control, in /usr/local
61 silly gentlyRm deletion target /usr/local/bin/cordova is under /usr/local
62 verbose gentlyRm vacuuming from /usr/local/bin/cordova up to /usr/local
63 silly vacuum-fs removing /usr/local/bin/cordova
64 verbose unlock done using /home/lv2x/.npm/_locks/cordova-fa12e2e096426a32.lock for /usr/local/lib/node_modules/cordova
65 verbose stack Error: EACCES: permission denied, unlink '/usr/local/bin/cordova'
65 verbose stack     at Error (native)
66 verbose cwd /opt/lampp/htdocs/ionic/AlarmClock
67 error Linux 4.2.0-36-generic
68 error argv "/usr/local/bin/node" "/usr/local/bin/npm" "install" "-g" "cordova@5.0.0"
69 error node v4.4.5
70 error npm  v2.15.5
71 error path /usr/local/bin/cordova
72 error code EACCES
73 error errno -13
74 error syscall unlink
75 error Error: EACCES: permission denied, unlink '/usr/local/bin/cordova'
75 error     at Error (native)
75 error  { [Error: EACCES: permission denied, unlink '/usr/local/bin/cordova']
75 error   errno: -13,
75 error   code: 'EACCES',
75 error   syscall: 'unlink',
75 error   path: '/usr/local/bin/cordova' }
76 error Please try running this command again as root/Administrator.
77 verbose exit [ -13, true ]
78 verbose unbuild lib/node_modules/cordova
79 info preuninstall cordova@6.2.0
80 info uninstall cordova@6.2.0
81 verbose unbuild rmStuff cordova@6.2.0 from /usr/local/lib/node_modules
82 silly gentlyRm /usr/local/bin/cordova is being gently removed
83 silly gentlyRm verifying /usr/local is an npm working directory
84 silly gentlyRm containing path /usr/local is under npm's control, in /usr/local
85 silly gentlyRm deletion target /usr/local/bin/cordova is under /usr/local
86 verbose gentlyRm vacuuming from /usr/local/bin/cordova up to /usr/local
87 silly vacuum-fs removing /usr/local/bin/cordova
88 error error rolling back Error: EACCES: permission denied, unlink '/usr/local/bin/cordova'
88 error error rolling back     at Error (native)
88 error error rolling back  { [Error: EACCES: permission denied, unlink '/usr/local/bin/cordova']
88 error error rolling back   errno: -13,
88 error error rolling back   code: 'EACCES',
88 error error rolling back   syscall: 'unlink',
88 error error rolling back   path: '/usr/local/bin/cordova' }
